# Histórico CommitForge — 2019

[2019-01-07 09:15:32] commit #1 — feat: inicialização do projeto CommitForge
[2019-01-21 14:40:18] commit #2 — feat: estrutura base da landing page
[2019-02-05 10:22:44] commit #3 — feat: componentes de navegação
[2019-02-19 16:55:07] commit #4 — fix: responsividade no mobile
[2019-03-04 08:30:22] commit #5 — feat: seção hero com animações
[2019-03-18 11:48:59] commit #6 — refactor: otimização de componentes
[2019-04-02 13:20:15] commit #7 — feat: terminal demo interativo
[2019-04-15 17:05:33] commit #8 — docs: documentação inicial
[2019-04-29 09:42:51] commit #9 — feat: seção de plataformas suportadas
[2019-05-08 15:10:26] commit #10 — fix: correção de tipografia
[2019-05-22 10:55:38] commit #11 — feat: modos de criação de commits
[2019-06-03 14:28:17] commit #12 — refactor: reorganização de pastas
[2019-06-17 08:14:45] commit #13 — feat: backend Flask para CLI
[2019-07-01 16:38:52] commit #14 — feat: API REST completa
[2019-07-15 11:22:09] commit #15 — docs: README atualizado
[2019-07-29 09:47:31] commit #16 — feat: suporte a datas retroativas
[2019-08-12 14:05:19] commit #17 — feat: múltiplos commits por dia
[2019-08-26 10:33:44] commit #18 — fix: tratamento de erros no backend
[2019-09-09 15:50:27] commit #19 — feat: interface web CommitForge
[2019-09-23 08:18:56] commit #20 — refactor: melhoria no código Python
[2019-10-07 13:42:14] commit #21 — feat: CLI com Click e Rich
